Copyright 1986-2015 Xilinx, Inc. All Rights Reserved.
-------------------------------------------------------------------------------------------------------------------------------------------------
| Tool Version : Vivado v.2015.2.1 (win64) Build 1302555 Wed Aug  5 13:06:02 MDT 2015
| Date         : Fri Jan 06 17:07:05 2017
| Host         : FUTURE3 running 64-bit Service Pack 1  (build 7601)
| Command      : report_utilization -file complex_abs_power2_35_1dsp_utilization_placed.rpt -pb complex_abs_power2_35_1dsp_utilization_placed.pb
| Design       : complex_abs_power2_35_1dsp
| Device       : xc7z045
| Design State : Fully Placed
-------------------------------------------------------------------------------------------------------------------------------------------------

Utilization Design Information

Table of Contents
-----------------
1. Slice Logic
1.1 Summary of Registers by Type
2. Slice Logic Distribution
3. Memory
4. DSP
5. IO and GT Specific
6. Clocking
7. Specific Feature
8. Primitives
9. Black Boxes
10. Instantiated Netlists

1. Slice Logic
--------------

+-------------------------+------+-------+-----------+-------+
|        Site Type        | Used | Fixed | Available | Util% |
+-------------------------+------+-------+-----------+-------+
| Slice LUTs              |  197 |     0 |    218600 |  0.09 |
|   LUT as Logic          |  197 |     0 |    218600 |  0.09 |
|   LUT as Memory         |    0 |     0 |     70400 |  0.00 |
| Slice Registers         |  306 |     0 |    437200 |  0.07 |
|   Register as Flip Flop |  306 |     0 |    437200 |  0.07 |
|   Register as Latch     |    0 |     0 |    437200 |  0.00 |
| F7 Muxes                |    0 |     0 |    109300 |  0.00 |
| F8 Muxes                |    0 |     0 |     54650 |  0.00 |
+-------------------------+------+-------+-----------+-------+


1.1 Summary of Registers by Type
--------------------------------

+-------+--------------+-------------+--------------+
| Total | Clock Enable | Synchronous | Asynchronous |
+-------+--------------+-------------+--------------+
| 0     |            _ |           - |            - |
| 0     |            _ |           - |          Set |
| 0     |            _ |           - |        Reset |
| 0     |            _ |         Set |            - |
| 0     |            _ |       Reset |            - |
| 0     |          Yes |           - |            - |
| 0     |          Yes |           - |          Set |
| 12    |          Yes |           - |        Reset |
| 5     |          Yes |         Set |            - |
| 289   |          Yes |       Reset |            - |
+-------+--------------+-------------+--------------+


2. Slice Logic Distribution
---------------------------

+-------------------------------------------------------------+----------+-------+-----------+-------+
|                          Site Type                          |   Used   | Fixed | Available | Util% |
+-------------------------------------------------------------+----------+-------+-----------+-------+
| Slice                                                       |       97 |     0 |     54650 |  0.18 |
|   SLICEL                                                    |       53 |     0 |           |       |
|   SLICEM                                                    |       44 |     0 |           |       |
| LUT as Logic                                                |      197 |     0 |    218600 |  0.09 |
|   using O5 output only                                      |        0 |       |           |       |
|   using O6 output only                                      |      192 |       |           |       |
|   using O5 and O6                                           |        5 |       |           |       |
| LUT as Memory                                               |        0 |     0 |     70400 |  0.00 |
|   LUT as Distributed RAM                                    |        0 |     0 |           |       |
|   LUT as Shift Register                                     |        0 |     0 |           |       |
| LUT Flip Flop Pairs                                         |      315 |     0 |    218600 |  0.14 |
|   fully used LUT-FF pairs                                   |      166 |       |           |       |
|   LUT-FF pairs with unused LUT                              |      118 |       |           |       |
|   LUT-FF pairs with unused Flip Flop                        |       31 |       |           |       |
| Unique Control Sets                                         |        6 |       |           |       |
| Minimum number of registers lost to control set restriction | 22(Lost) |       |           |       |
+-------------------------------------------------------------+----------+-------+-----------+-------+


3. Memory
---------

+----------------+------+-------+-----------+-------+
|    Site Type   | Used | Fixed | Available | Util% |
+----------------+------+-------+-----------+-------+
| Block RAM Tile |    0 |     0 |       545 |  0.00 |
|   RAMB36/FIFO* |    0 |     0 |       545 |  0.00 |
|   RAMB18       |    0 |     0 |      1090 |  0.00 |
+----------------+------+-------+-----------+-------+
* Note: Each Block RAM Tile only has one FIFO logic available and therefore can accommodate only one FIFO36E1 or one FIFO18E1. However, if a FIFO18E1 occupies a Block RAM Tile, that tile can still accommodate a RAMB18E1


4. DSP
------

+----------------+------+-------+-----------+-------+
|    Site Type   | Used | Fixed | Available | Util% |
+----------------+------+-------+-----------+-------+
| DSPs           |    1 |     0 |       900 |  0.11 |
|   DSP48E1 only |    1 |       |           |       |
+----------------+------+-------+-----------+-------+


5. IO and GT Specific
---------------------

+-----------------------------+------+-------+-----------+-------+
|          Site Type          | Used | Fixed | Available | Util% |
+-----------------------------+------+-------+-----------+-------+
| Bonded IOB                  |  144 |     0 |       250 | 57.60 |
|   IOB Master Pads           |   69 |       |           |       |
|   IOB Slave Pads            |   70 |       |           |       |
| Bonded IPADs                |    0 |     0 |        26 |  0.00 |
| Bonded OPADs                |    0 |     0 |        16 |  0.00 |
| Bonded IOPADs               |    0 |     0 |       130 |  0.00 |
| PHY_CONTROL                 |    0 |     0 |         8 |  0.00 |
| PHASER_REF                  |    0 |     0 |         8 |  0.00 |
| OUT_FIFO                    |    0 |     0 |        32 |  0.00 |
| IN_FIFO                     |    0 |     0 |        32 |  0.00 |
| IDELAYCTRL                  |    0 |     0 |         8 |  0.00 |
| IBUFGDS                     |    0 |     0 |       240 |  0.00 |
| GTXE2_COMMON                |    0 |     0 |         2 |  0.00 |
| GTXE2_CHANNEL               |    0 |     0 |         8 |  0.00 |
| PHASER_OUT/PHASER_OUT_PHY   |    0 |     0 |        32 |  0.00 |
| PHASER_IN/PHASER_IN_PHY     |    0 |     0 |        32 |  0.00 |
| IDELAYE2/IDELAYE2_FINEDELAY |    0 |     0 |       400 |  0.00 |
| ODELAYE2/ODELAYE2_FINEDELAY |    0 |     0 |       150 |  0.00 |
| IBUFDS_GTE2                 |    0 |     0 |         8 |  0.00 |
| ILOGIC                      |    0 |     0 |       250 |  0.00 |
| OLOGIC                      |    0 |     0 |       250 |  0.00 |
+-----------------------------+------+-------+-----------+-------+


6. Clocking
-----------

+------------+------+-------+-----------+-------+
|  Site Type | Used | Fixed | Available | Util% |
+------------+------+-------+-----------+-------+
| BUFGCTRL   |    1 |     0 |        32 |  3.13 |
| BUFIO      |    0 |     0 |        32 |  0.00 |
| MMCME2_ADV |    0 |     0 |         8 |  0.00 |
| PLLE2_ADV  |    0 |     0 |         8 |  0.00 |
| BUFMRCE    |    0 |     0 |        16 |  0.00 |
| BUFHCE     |    0 |     0 |       168 |  0.00 |
| BUFR       |    0 |     0 |        32 |  0.00 |
+------------+------+-------+-----------+-------+


7. Specific Feature
-------------------

+-------------+------+-------+-----------+-------+
|  Site Type  | Used | Fixed | Available | Util% |
+-------------+------+-------+-----------+-------+
| BSCANE2     |    0 |     0 |         4 |  0.00 |
| CAPTUREE2   |    0 |     0 |         1 |  0.00 |
| DNA_PORT    |    0 |     0 |         1 |  0.00 |
| EFUSE_USR   |    0 |     0 |         1 |  0.00 |
| FRAME_ECCE2 |    0 |     0 |         1 |  0.00 |
| ICAPE2      |    0 |     0 |         2 |  0.00 |
| PCIE_2_1    |    0 |     0 |         1 |  0.00 |
| STARTUPE2   |    0 |     0 |         1 |  0.00 |
| XADC        |    0 |     0 |         1 |  0.00 |
+-------------+------+-------+-----------+-------+


8. Primitives
-------------

+----------+------+---------------------+
| Ref Name | Used | Functional Category |
+----------+------+---------------------+
| FDRE     |  289 |        Flop & Latch |
| LUT3     |   74 |                 LUT |
| IBUF     |   73 |                  IO |
| OBUF     |   71 |                  IO |
| LUT6     |   67 |                 LUT |
| LUT5     |   52 |                 LUT |
| CARRY4   |   18 |          CarryLogic |
| FDCE     |   12 |        Flop & Latch |
| LUT4     |    8 |                 LUT |
| FDSE     |    5 |        Flop & Latch |
| LUT2     |    1 |                 LUT |
| DSP48E1  |    1 |    Block Arithmetic |
| BUFG     |    1 |               Clock |
+----------+------+---------------------+


9. Black Boxes
--------------

+----------+------+
| Ref Name | Used |
+----------+------+


10. Instantiated Netlists
-------------------------

+------------------+------+
|     Ref Name     | Used |
+------------------+------+
| dsp48_mul_add_ip |    1 |
+------------------+------+


