INFO: [VRFC 10-163] Analyzing VHDL file "E:/jiaweiwei/Vivado workspace/tools/complex_abs_power2_35_1dsp/complex_abs_power2_35_1dsp.srcs/sources_1/ip/dsp48_mul_add_ip/xbip_dsp48_wrapper_v3_0/hdl/xbip_dsp48_wrapper_v3_0_vh_rfs.vhd" into library xbip_dsp48_wrapper_v3_0
INFO: [VRFC 10-307] analyzing entity xbip_dsp48a_wrapper_v3_0
INFO: [VRFC 10-307] analyzing entity xbip_dsp48a1_wrapper_v3_0
INFO: [VRFC 10-307] analyzing entity xbip_dsp48e_wrapper_v3_0
INFO: [VRFC 10-307] analyzing entity xbip_dsp48e1_wrapper_v3_0
INFO: [VRFC 10-307] analyzing entity xbip_dsp48e2_wrapper_v3_0
INFO: [VRFC 10-307] analyzing entity xbip_dsp48_wrapper_v3_0
INFO: [VRFC 10-163] Analyzing VHDL file "E:/jiaweiwei/Vivado workspace/tools/complex_abs_power2_35_1dsp/complex_abs_power2_35_1dsp.srcs/sources_1/ip/dsp48_mul_add_ip/xbip_utils_v3_0/hdl/xbip_utils_v3_0_vh_rfs.vhd" into library xbip_utils_v3_0
INFO: [VRFC 10-163] Analyzing VHDL file "E:/jiaweiwei/Vivado workspace/tools/complex_abs_power2_35_1dsp/complex_abs_power2_35_1dsp.srcs/sources_1/ip/dsp48_mul_add_ip/xbip_pipe_v3_0/hdl/xbip_pipe_v3_0_vh_rfs.vhd" into library xbip_pipe_v3_0
INFO: [VRFC 10-307] analyzing entity xbip_pipe_v3_0_viv
INFO: [VRFC 10-163] Analyzing VHDL file "E:/jiaweiwei/Vivado workspace/tools/complex_abs_power2_35_1dsp/complex_abs_power2_35_1dsp.srcs/sources_1/ip/dsp48_mul_add_ip/xbip_pipe_v3_0/hdl/xbip_pipe_v3_0.vhd" into library xbip_pipe_v3_0
INFO: [VRFC 10-307] analyzing entity xbip_pipe_v3_0
INFO: [VRFC 10-163] Analyzing VHDL file "E:/jiaweiwei/Vivado workspace/tools/complex_abs_power2_35_1dsp/complex_abs_power2_35_1dsp.srcs/sources_1/ip/dsp48_mul_add_ip/xbip_dsp48_macro_v3_0/hdl/xbip_dsp48_macro_v3_0_vh_rfs.vhd" into library xbip_dsp48_macro_v3_0
INFO: [VRFC 10-307] analyzing entity xbip_dsp48_macro_rtl
INFO: [VRFC 10-307] analyzing entity xbip_dsp48_macro_synth
INFO: [VRFC 10-307] analyzing entity xbip_dsp48_macro_v3_0_viv
INFO: [VRFC 10-163] Analyzing VHDL file "E:/jiaweiwei/Vivado workspace/tools/complex_abs_power2_35_1dsp/complex_abs_power2_35_1dsp.srcs/sources_1/ip/dsp48_mul_add_ip/xbip_dsp48_macro_v3_0/hdl/xbip_dsp48_macro_v3_0.vhd" into library xbip_dsp48_macro_v3_0
INFO: [VRFC 10-307] analyzing entity xbip_dsp48_macro_v3_0
INFO: [VRFC 10-163] Analyzing VHDL file "E:/jiaweiwei/Vivado workspace/tools/complex_abs_power2_35_1dsp/complex_abs_power2_35_1dsp.srcs/sources_1/ip/dsp48_mul_add_ip/sim/dsp48_mul_add_ip.vhd" into library xil_defaultlib
INFO: [VRFC 10-307] analyzing entity dsp48_mul_add_ip
